:compileJava
:processResources UP-TO-DATE
:classes
:compileTestJava
:processTestResources UP-TO-DATE
:testClasses
:test

GuessingGameTest > fillingProtectsAgainstZero FAILED
    java.lang.AssertionError: Did you increment the Random value you got by 1
    Expected: a string containing "1 attempt"
         but: was ": Ready? (press ENTER to start guessing)"
        at GuessingGameTest.fillingProtectsAgainstZero(GuessingGameTest.java:50)

GuessingGameTest > gameCompletesSuccessfully FAILED
    org.junit.AssumptionViolatedException: This test is not relevant when attempting exceeds

GuessingGameTest > gameCompletesExceedingExpectations FAILED
    java.lang.AssertionError: Ensure your prompts match what was defined by the exceeds requirements
    Expected: a string containing "1 and 100"
         but: was ": Ready? (press ENTER to start guessing)"
        at GuessingGameTest.gameCompletesExceedingExpectations(GuessingGameTest.java:88)

GuessingGameTest > whenGuessingMoreThanMaximumThereIsAWarning FAILED
    java.lang.AssertionError: Make sure to warn if the guesser goes over the maximum and do not count it as a try
    Expected: a string containing "between 1 and 9"
         but: was ": Ready? (press ENTER to start guessing)"
        at GuessingGameTest.whenGuessingMoreThanMaximumThereIsAWarning(GuessingGameTest.java:107)
:test FAILED

BUILD FAILED

Total time: 1 mins 23.4 secs
